[debug] [2018-06-18T22:17:48.563Z] ----------------------------------------------------------------------
[debug] [2018-06-18T22:17:48.565Z] Command:       /usr/local/bin/node /usr/local/bin/firebase serve -p 8080
[debug] [2018-06-18T22:17:48.565Z] CLI Version:   3.18.4
[debug] [2018-06-18T22:17:48.565Z] Platform:      darwin
[debug] [2018-06-18T22:17:48.565Z] Node Version:  v8.11.0
[debug] [2018-06-18T22:17:48.566Z] Time:          Tue Jun 19 2018 06:17:48 GMT+0800 (CST)
[debug] [2018-06-18T22:17:48.566Z] ----------------------------------------------------------------------
[debug] 
[debug] [2018-06-18T22:17:48.575Z] > command requires scopes: ["email","openid","https://www.googleapis.com/auth/cloudplatformprojects.readonly","https://www.googleapis.com/auth/firebase","https://www.googleapis.com/auth/cloud-platform"]
[debug] [2018-06-18T22:17:48.576Z] > authorizing via signed-in user
[debug] [2018-06-18T22:17:48.577Z] > refreshing access token with scopes: ["email","https://www.googleapis.com/auth/cloud-platform","https://www.googleapis.com/auth/cloudplatformprojects.readonly","https://www.googleapis.com/auth/firebase","openid"]
[debug] [2018-06-18T22:17:48.578Z] >>> HTTP REQUEST POST https://www.googleapis.com/oauth2/v3/token  
 { refresh_token: '1/SJMJ4_KhrGOeoYdSukTc02wJo5V79-5h1PF1RXpQNN0',
  client_id: '563584335869-fgrhgmd47bqnekij5i8b5pr03ho849e6.apps.googleusercontent.com',
  client_secret: 'j9iVZfS8kkCEFUPaAeJV0sAi',
  grant_type: 'refresh_token',
  scope: 'email https://www.googleapis.com/auth/cloud-platform https://www.googleapis.com/auth/cloudplatformprojects.readonly https://www.googleapis.com/auth/firebase openid' } 
 Tue Jun 19 2018 06:17:48 GMT+0800 (CST)
[debug] [2018-06-18T22:17:48.885Z] <<< HTTP RESPONSE 200
[debug] [2018-06-18T22:17:48.901Z] >>> HTTP REQUEST GET https://admin.firebase.com/v1/projects/prinny-dash  
  
 Tue Jun 19 2018 06:17:48 GMT+0800 (CST)
[debug] [2018-06-18T22:17:50.337Z] <<< HTTP RESPONSE 200
[debug] [2018-06-18T22:17:50.337Z] >>> HTTP REQUEST GET https://admin.firebase.com/v1/database/prinny-dash/tokens  
  
 Tue Jun 19 2018 06:17:50 GMT+0800 (CST)
[debug] [2018-06-18T22:17:51.571Z] <<< HTTP RESPONSE 200
[debug] [2018-06-18T22:17:51.572Z] >>> HTTP REQUEST GET https://cloudresourcemanager.googleapis.com/v1/projects/prinny-dash  
  
 Tue Jun 19 2018 06:17:51 GMT+0800 (CST)
[debug] [2018-06-18T22:17:53.415Z] <<< HTTP RESPONSE 200
[info] 
[info] === Serving from '/Users/jxzhe/Documents/School Work/106-2/軟實/Final_Project'...
[info] 
[debug] [2018-06-18T22:17:53.418Z] >>> HTTP REQUEST GET https://mobilesdk-pa.googleapis.com/v1/projects/297096066565/clients/_:getWebAppConfig  
  
 Tue Jun 19 2018 06:17:53 GMT+0800 (CST)
[debug] [2018-06-18T22:17:55.554Z] <<< HTTP RESPONSE 200
[info] i  hosting: Serving hosting files from: /
[info] ✔  hosting: Local server: http://localhost:8080

